<?xml version="1.0" encoding="utf-8"?><testsuites name="pytest tests"><testsuite name="pytest" errors="0" failures="0" skipped="3" tests="21" time="8.043" timestamp="2026-03-03T03:42:41.522487+00:00" hostname="agent-env-77e2a52c-53ea-4b60-a6e2-8bd6fe66625d"><testcase classname="backend.tests.test_api.TestHealthEndpoint" name="test_health_check_returns_200" time="0.373" /><testcase classname="backend.tests.test_api.TestHealthEndpoint" name="test_health_check_response_structure" time="0.203" /><testcase classname="backend.tests.test_api.TestAuthEndpoints" name="test_login_with_valid_credentials" time="0.445" /><testcase classname="backend.tests.test_api.TestAuthEndpoints" name="test_login_with_invalid_credentials" time="0.203" /><testcase classname="backend.tests.test_api.TestAuthEndpoints" name="test_login_response_contains_user_data" time="0.398" /><testcase classname="backend.tests.test_api.TestAuthEndpoints" name="test_auth_me_without_token" time="0.248" /><testcase classname="backend.tests.test_api.TestProjectsEndpoints" name="test_get_projects_without_auth" time="0.264" /><testcase classname="backend.tests.test_api.TestProjectsEndpoints" name="test_get_projects_with_auth" time="0.566" /><testcase classname="backend.tests.test_api.TestProjectsEndpoints" name="test_projects_response_structure" time="0.603" /><testcase classname="backend.tests.test_api.TestTasksEndpoints" name="test_get_tasks_without_auth" time="0.204" /><testcase classname="backend.tests.test_api.TestTasksEndpoints" name="test_get_tasks_with_auth" time="0.642" /><testcase classname="backend.tests.test_api.TestDashboardEndpoint" name="test_get_dashboard_without_auth" time="0.173" /><testcase classname="backend.tests.test_api.TestDashboardEndpoint" name="test_get_dashboard_with_auth" time="0.614" /><testcase classname="backend.tests.test_api.TestDashboardEndpoint" name="test_dashboard_response_structure" time="0.669" /><testcase classname="backend.tests.test_api.TestAIEndpoints" name="test_ai_risk_prediction_without_auth" time="0.172" /><testcase classname="backend.tests.test_api.TestAIEndpoints" name="test_ai_risk_prediction_with_auth" time="0.567"><skipped type="pytest.skip" message="No projects available for AI testing">/app/backend/tests/test_api.py:222: No projects available for AI testing</skipped></testcase><testcase classname="backend.tests.test_api.TestReportsEndpoints" name="test_budget_report_without_auth" time="0.180" /><testcase classname="backend.tests.test_api.TestReportsEndpoints" name="test_budget_report_with_auth" time="0.538"><skipped type="pytest.skip" message="No projects available for reports testing">/app/backend/tests/test_api.py:265: No projects available for reports testing</skipped></testcase><testcase classname="backend.tests.test_api.TestReportsEndpoints" name="test_timeline_report_with_auth" time="0.564"><skipped type="pytest.skip" message="No projects available for reports testing">/app/backend/tests/test_api.py:276: No projects available for reports testing</skipped></testcase><testcase classname="backend.tests.test_api.TestFeedbackEndpoints" name="test_contact_form_submission" time="0.174" /><testcase classname="backend.tests.test_api.TestFeedbackEndpoints" name="test_feature_request_submission" time="0.201" /></testsuite></testsuites>